<?xml version="1.0" encoding="UTF-8"?>
<!-- Generated by org.testng.reporters.JUnitXMLReporter -->
<testsuite hostname="SKY-4DL5RV2-10" ignored="0" name="Test" tests="4" failures="0" timestamp="18 Oct 2020 17:12:49 GMT" time="0.042" errors="0">
  <testcase name="bookingFlightTicket" time="0.007" classname="demo.before.DemoA"/>
  <testcase name="bookingTrainTicket" time="0.001" classname="demo.before.DemoA"/>
  <testcase name="bookingCar" time="0.002" classname="demo.before.DemoB"/>
  <testcase name="bookingHotel" time="0.002" classname="demo.before.DemoB"/>
</testsuite> <!-- Test -->
